Using pre-set license
Built from '2022.3/staging' branch; Version is '2022.3.7f1 (b16b3b16c7a0) revision 11627323'; Using compiler version '192829333'; Build Type 'Release'
OS: 'Windows 10  (10.0.19045) 64bit Professional' Language: 'tr' Physical Memory: 16305 MB
BatchMode: 1, IsHumanControllingUs: 0, StartBugReporterOnCrash: 0, Is64bit: 1, IsPro: 1

COMMAND LINE ARGUMENTS:
C:\Program Files\Unity\Hub\Editor\2022.3.7f1\Editor\Unity.exe
-adb2
-batchMode
-noUpm
-name
AssetImportWorker0
-projectPath
C:/Users/redux/OneDrive/Masaüstü/Case_Barbar/Project_Case
-logFile
Logs/AssetImportWorker0.log
-srvPort
53641
Successfully changed project path to: C:/Users/redux/OneDrive/Masaüstü/Case_Barbar/Project_Case
C:/Users/redux/OneDrive/Masaüstü/Case_Barbar/Project_Case
[UnityMemory] Configuration Parameters - Can be set up in boot.config
    "memorysetup-bucket-allocator-granularity=16"
    "memorysetup-bucket-allocator-bucket-count=8"
    "memorysetup-bucket-allocator-block-size=33554432"
    "memorysetup-bucket-allocator-block-count=8"
    "memorysetup-main-allocator-block-size=16777216"
    "memorysetup-thread-allocator-block-size=16777216"
    "memorysetup-gfx-main-allocator-block-size=16777216"
    "memorysetup-gfx-thread-allocator-block-size=16777216"
    "memorysetup-cache-allocator-block-size=4194304"
    "memorysetup-typetree-allocator-block-size=2097152"
    "memorysetup-profiler-bucket-allocator-granularity=16"
    "memorysetup-profiler-bucket-allocator-bucket-count=8"
    "memorysetup-profiler-bucket-allocator-block-size=33554432"
    "memorysetup-profiler-bucket-allocator-block-count=8"
    "memorysetup-profiler-allocator-block-size=16777216"
    "memorysetup-profiler-editor-allocator-block-size=1048576"
    "memorysetup-temp-allocator-size-main=16777216"
    "memorysetup-job-temp-allocator-block-size=2097152"
    "memorysetup-job-temp-allocator-block-size-background=1048576"
    "memorysetup-job-temp-allocator-reduction-small-platforms=262144"
    "memorysetup-allocator-temp-initial-block-size-main=262144"
    "memorysetup-allocator-temp-initial-block-size-worker=262144"
    "memorysetup-temp-allocator-size-background-worker=32768"
    "memorysetup-temp-allocator-size-job-worker=262144"
    "memorysetup-temp-allocator-size-preload-manager=33554432"
    "memorysetup-temp-allocator-size-nav-mesh-worker=65536"
    "memorysetup-temp-allocator-size-audio-worker=65536"
    "memorysetup-temp-allocator-size-cloud-worker=32768"
    "memorysetup-temp-allocator-size-gi-baking-worker=262144"
    "memorysetup-temp-allocator-size-gfx=262144"
Player connection [11380] Host "[IP] 192.168.1.8 [Port] 0 [Flags] 2 [Guid] 466260374 [EditorId] 466260374 [Version] 1048832 [Id] WindowsEditor(7,DESKTOP-LKBBK5H) [Debug] 1 [PackageName] WindowsEditor [ProjectName] Editor" joined multi-casting on [225.0.0.222:54997]...

Player connection [11380] Host "[IP] 192.168.1.8 [Port] 0 [Flags] 2 [Guid] 466260374 [EditorId] 466260374 [Version] 1048832 [Id] WindowsEditor(7,DESKTOP-LKBBK5H) [Debug] 1 [PackageName] WindowsEditor [ProjectName] Editor" joined alternative multi-casting on [225.0.0.222:34997]...

Refreshing native plugins compatible for Editor in 8.31 ms, found 3 plugins.
Preloading 0 native plugins for Editor in 0.00 ms.
Initialize engine version: 2022.3.7f1 (b16b3b16c7a0)
[Subsystems] Discovering subsystems at path C:/Program Files/Unity/Hub/Editor/2022.3.7f1/Editor/Data/Resources/UnitySubsystems
[Subsystems] Discovering subsystems at path C:/Users/redux/OneDrive/Masaüstü/Case_Barbar/Project_Case/Assets
GfxDevice: creating device client; threaded=0; jobified=0
Direct3D:
    Version:  Direct3D 11.0 [level 11.1]
    Renderer: NVIDIA GeForce GTX 1660 SUPER (ID=0x21c4)
    Vendor:   NVIDIA
    VRAM:     5980 MB
    Driver:   31.0.15.3667
Initialize mono
Mono path[0] = 'C:/Program Files/Unity/Hub/Editor/2022.3.7f1/Editor/Data/Managed'
Mono path[1] = 'C:/Program Files/Unity/Hub/Editor/2022.3.7f1/Editor/Data/MonoBleedingEdge/lib/mono/unityjit-win32'
Mono config path = 'C:/Program Files/Unity/Hub/Editor/2022.3.7f1/Editor/Data/MonoBleedingEdge/etc'
Using monoOptions --debugger-agent=transport=dt_socket,embedding=1,server=y,suspend=n,address=127.0.0.1:56500
Begin MonoManager ReloadAssembly
Registering precompiled unity dll's ...
Register platform support module: C:/Program Files/Unity/Hub/Editor/2022.3.7f1/Editor/Data/PlaybackEngines/WebGLSupport/UnityEditor.WebGL.Extensions.dll
Register platform support module: C:/Program Files/Unity/Hub/Editor/2022.3.7f1/Editor/Data/PlaybackEngines/WindowsStandaloneSupport/UnityEditor.WindowsStandalone.Extensions.dll
Registered in 0.011225 seconds.
- Loaded All Assemblies, in  0.377 seconds
Native extension for WindowsStandalone target not found
Native extension for WebGL target not found
Mono: successfully reloaded assembly
- Finished resetting the current domain, in  0.283 seconds
Domain Reload Profiling: 659ms
	BeginReloadAssembly (114ms)
		ExecutionOrderSort (0ms)
		DisableScriptedObjects (0ms)
		BackupInstance (0ms)
		ReleaseScriptingObjects (0ms)
		CreateAndSetChildDomain (1ms)
	RebuildCommonClasses (35ms)
	RebuildNativeTypeToScriptingClass (11ms)
	initialDomainReloadingComplete (63ms)
	LoadAllAssembliesAndSetupDomain (151ms)
		LoadAssemblies (112ms)
		RebuildTransferFunctionScriptingTraits (0ms)
		AnalyzeDomain (149ms)
			TypeCache.Refresh (147ms)
				TypeCache.ScanAssembly (133ms)
			ScanForSourceGeneratedMonoScriptInfo (0ms)
			ResolveRequiredComponents (0ms)
	FinalizeReload (284ms)
		ReleaseScriptCaches (0ms)
		RebuildScriptCaches (0ms)
		SetupLoadedEditorAssemblies (218ms)
			LogAssemblyErrors (0ms)
			InitializePlatformSupportModulesInManaged (13ms)
			SetLoadedEditorAssemblies (5ms)
			RefreshPlugins (0ms)
			BeforeProcessingInitializeOnLoad (2ms)
			ProcessInitializeOnLoadAttributes (145ms)
			ProcessInitializeOnLoadMethodAttributes (52ms)
			AfterProcessingInitializeOnLoad (0ms)
			EditorAssembliesLoaded (0ms)
		ExecutionOrderSort2 (0ms)
		AwakeInstancesAfterBackupRestoration (0ms)
========================================================================
Worker process is ready to serve import requests
Begin MonoManager ReloadAssembly
Symbol file LoadedFromMemory doesn't match image C:\Users\redux\OneDrive\Masaüstü\Case_Barbar\Project_Case\Library\PackageCache\com.unity.visualscripting@1.8.0\Editor\VisualScripting.Core\Dependencies\YamlDotNet\Unity.VisualScripting.YamlDotNet.dll
Symbol file LoadedFromMemory doesn't match image C:\Users\redux\OneDrive\Masaüstü\Case_Barbar\Project_Case\Library\PackageCache\com.unity.visualscripting@1.8.0\Editor\VisualScripting.Core\Dependencies\DotNetZip\Unity.VisualScripting.IonicZip.dll
- Loaded All Assemblies, in  0.647 seconds
Refreshing native plugins compatible for Editor in 3.08 ms, found 3 plugins.
Native extension for WindowsStandalone target not found
Native extension for WebGL target not found
Mono: successfully reloaded assembly
- Finished resetting the current domain, in  0.489 seconds
Domain Reload Profiling: 1134ms
	BeginReloadAssembly (157ms)
		ExecutionOrderSort (0ms)
		DisableScriptedObjects (6ms)
		BackupInstance (0ms)
		ReleaseScriptingObjects (0ms)
		CreateAndSetChildDomain (22ms)
	RebuildCommonClasses (39ms)
	RebuildNativeTypeToScriptingClass (13ms)
	initialDomainReloadingComplete (43ms)
	LoadAllAssembliesAndSetupDomain (393ms)
		LoadAssemblies (308ms)
		RebuildTransferFunctionScriptingTraits (0ms)
		AnalyzeDomain (177ms)
			TypeCache.Refresh (158ms)
				TypeCache.ScanAssembly (144ms)
			ScanForSourceGeneratedMonoScriptInfo (14ms)
			ResolveRequiredComponents (4ms)
	FinalizeReload (489ms)
		ReleaseScriptCaches (0ms)
		RebuildScriptCaches (0ms)
		SetupLoadedEditorAssemblies (349ms)
			LogAssemblyErrors (0ms)
			InitializePlatformSupportModulesInManaged (8ms)
			SetLoadedEditorAssemblies (4ms)
			RefreshPlugins (0ms)
			BeforeProcessingInitializeOnLoad (63ms)
			ProcessInitializeOnLoadAttributes (246ms)
			ProcessInitializeOnLoadMethodAttributes (20ms)
			AfterProcessingInitializeOnLoad (8ms)
			EditorAssembliesLoaded (0ms)
		ExecutionOrderSort2 (0ms)
		AwakeInstancesAfterBackupRestoration (7ms)
Launched and connected shader compiler UnityShaderCompiler.exe after 0.04 seconds
Refreshing native plugins compatible for Editor in 3.19 ms, found 3 plugins.
Preloading 0 native plugins for Editor in 0.00 ms.
Unloading 3066 Unused Serialized files (Serialized files now loaded: 0)
Unloading 31 unused Assets / (56.4 KB). Loaded Objects now: 3528.
Memory consumption went from 113.5 MB to 113.4 MB.
Total: 2.786200 ms (FindLiveObjects: 0.235400 ms CreateObjectMapping: 0.204000 ms MarkObjects: 2.260600 ms  DeleteObjects: 0.085500 ms)

AssetImportParameters requested are different than current active one (requested -> active):
  custom:container-demuxer-ogg: 62fdf1f143b41e24485cea50d1cbac27 -> 
  custom:video-decoder-ogg-theora: a1e56fd34408186e4bbccfd4996cb3dc -> 
  custom:framework-win-MediaFoundation: 216162199b28c13a410421893ffa2e32 -> 
  custom:container-demuxer-webm: 4f35f7cbe854078d1ac9338744f61a02 -> 
  custom:container-muxer-webm: aa71ff27fc2769a1b78a27578f13a17b -> 
  custom:video-decoder-webm-vp8: 9c59270c3fd7afecdb556c50c9e8de78 -> 
  custom:AudioImporter_EditorPlatform: d09bf68614088b80899f8185d706f6e7 -> 
  custom:video-encoder-webm-vp8: eb34c28f22e8b96e1ab97ce403110664 -> 
  custom:audio-decoder-ogg-vorbis: bf7c407c2cedff20999df2af8eb42d56 -> 
  custom:audio-encoder-webm-vorbis: bf7c407c2cedff20999df2af8eb42d56 -> 
========================================================================
Received Import Request.
  Time since last request: 75629.491469 seconds.
  path: Assets
  artifactKey: Guid(00000000000000001000000000000000) Importer(815301076,1909f56bfc062723c751e8b465ee728b)
Start importing Assets using Guid(00000000000000001000000000000000) Importer(815301076,1909f56bfc062723c751e8b465ee728b)  -> (artifact id: '8a4fe85251aa2e89732c359432baa2c3') in 0.002269 seconds
Number of updated asset objects reloaded before import = 0
Number of asset objects unloaded after import = 0
========================================================================
Received Prepare
Refreshing native plugins compatible for Editor in 4.30 ms, found 3 plugins.
Preloading 0 native plugins for Editor in 0.00 ms.
Unloading 0 Unused Serialized files (Serialized files now loaded: 0)
Unloading 1 unused Assets / (0.8 KB). Loaded Objects now: 3528.
Memory consumption went from 64.7 MB to 64.7 MB.
Total: 3.026500 ms (FindLiveObjects: 0.351700 ms CreateObjectMapping: 0.348000 ms MarkObjects: 2.308600 ms  DeleteObjects: 0.017300 ms)

Prepare: number of updated asset objects reloaded= 0
AssetImportParameters requested are different than current active one (requested -> active):
  custom:container-demuxer-ogg: 62fdf1f143b41e24485cea50d1cbac27 -> 
  custom:video-decoder-ogg-theora: a1e56fd34408186e4bbccfd4996cb3dc -> 
  custom:framework-win-MediaFoundation: 216162199b28c13a410421893ffa2e32 -> 
  custom:CustomObjectIndexerAttribute: 756ad292c208cfabdd7b50bc23989ffe -> 
  custom:container-demuxer-webm: 4f35f7cbe854078d1ac9338744f61a02 -> 
  custom:container-muxer-webm: aa71ff27fc2769a1b78a27578f13a17b -> 
  custom:video-decoder-webm-vp8: 9c59270c3fd7afecdb556c50c9e8de78 -> 
  custom:SearchIndexIgnoredProperties: e643bd26f0fe6173181afceb89e7c659 -> 
  custom:AudioImporter_EditorPlatform: d09bf68614088b80899f8185d706f6e7 -> 
  custom:video-encoder-webm-vp8: eb34c28f22e8b96e1ab97ce403110664 -> 
  custom:audio-decoder-ogg-vorbis: bf7c407c2cedff20999df2af8eb42d56 -> 
  custom:audio-encoder-webm-vorbis: bf7c407c2cedff20999df2af8eb42d56 -> 
========================================================================
Received Import Request.
  Time since last request: 10.069646 seconds.
  path: Assets/1sevbarbar
  artifactKey: Guid(09a041ddebc889f41a8ee54b287aa8a3) Importer(815301076,1909f56bfc062723c751e8b465ee728b)
Start importing Assets/1sevbarbar using Guid(09a041ddebc889f41a8ee54b287aa8a3) Importer(815301076,1909f56bfc062723c751e8b465ee728b)  -> (artifact id: '20c2a419450e3403c5f798e132b46b0c') in 0.000654 seconds
Number of updated asset objects reloaded before import = 0
Number of asset objects unloaded after import = 0
========================================================================
Received Import Request.
  Time since last request: 15.040074 seconds.
  path: Assets/1sev_barbar
  artifactKey: Guid(09a041ddebc889f41a8ee54b287aa8a3) Importer(815301076,1909f56bfc062723c751e8b465ee728b)
Start importing Assets/1sev_barbar using Guid(09a041ddebc889f41a8ee54b287aa8a3) Importer(815301076,1909f56bfc062723c751e8b465ee728b)  -> (artifact id: '58474a0799f659ea0b392765de9aaeee') in 0.000514 seconds
Number of updated asset objects reloaded before import = 0
Number of asset objects unloaded after import = 0
========================================================================
Received Import Request.
  Time since last request: 13.798434 seconds.
  path: Assets/1sev_barbar/barbar1sev_01.fbx
  artifactKey: Guid(e5b1a3604d271534e91f634b66d12709) Importer(815301076,1909f56bfc062723c751e8b465ee728b)
Start importing Assets/1sev_barbar/barbar1sev_01.fbx using Guid(e5b1a3604d271534e91f634b66d12709) Importer(815301076,1909f56bfc062723c751e8b465ee728b)  -> (artifact id: '0e10fc25f1df69e532d3c96d42a715d7') in 0.565312 seconds
Number of updated asset objects reloaded before import = 0
Number of asset objects unloaded after import = 968
========================================================================
Received Import Request.
  Time since last request: 77.372524 seconds.
  path: Assets/1sev_barbar/kılıc_barbar.fbx
  artifactKey: Guid(5422dbea07e7cc54182f2b16a13d1911) Importer(815301076,1909f56bfc062723c751e8b465ee728b)
Start importing Assets/1sev_barbar/kılıc_barbar.fbx using Guid(5422dbea07e7cc54182f2b16a13d1911) Importer(815301076,1909f56bfc062723c751e8b465ee728b)  -> (artifact id: '6474a8d9d092879af5f38684b7335d75') in 0.138562 seconds
Number of updated asset objects reloaded before import = 0
Number of asset objects unloaded after import = 7
========================================================================
Received Import Request.
  Time since last request: 6.365543 seconds.
  path: Assets/1sev_barbar/kılıcBase Color.png
  artifactKey: Guid(a38a4b92242927442ba441bf5d54a924) Importer(815301076,1909f56bfc062723c751e8b465ee728b)
Start importing Assets/1sev_barbar/kılıcBase Color.png using Guid(a38a4b92242927442ba441bf5d54a924) Importer(815301076,1909f56bfc062723c751e8b465ee728b)  -> (artifact id: 'a88fc16665618f633fb6d19125be437d') in 0.040664 seconds
Number of updated asset objects reloaded before import = 0
Number of asset objects unloaded after import = 2
========================================================================
Received Import Request.
  Time since last request: 10.815799 seconds.
  path: Assets/1sev_barbar/barbar_low_eklentiler_BaseColor2.png
  artifactKey: Guid(14212ec4a0500c34c887b24f9d889d19) Importer(815301076,1909f56bfc062723c751e8b465ee728b)
Start importing Assets/1sev_barbar/barbar_low_eklentiler_BaseColor2.png using Guid(14212ec4a0500c34c887b24f9d889d19) Importer(815301076,1909f56bfc062723c751e8b465ee728b)  -> (artifact id: '4d9249f18e240da92dc91058bf748a96') in 0.048580 seconds
Number of updated asset objects reloaded before import = 0
Number of asset objects unloaded after import = 2
========================================================================
Received Import Request.
  Time since last request: 0.000088 seconds.
  path: Assets/1sev_barbar/barbar_low_eklentiler_Normal2.png
  artifactKey: Guid(371e7fea6ebd7934f9de1e8563e81218) Importer(815301076,1909f56bfc062723c751e8b465ee728b)
Start importing Assets/1sev_barbar/barbar_low_eklentiler_Normal2.png using Guid(371e7fea6ebd7934f9de1e8563e81218) Importer(815301076,1909f56bfc062723c751e8b465ee728b)  -> (artifact id: 'cd504af4c7bbf251a149d18fed9f8b81') in 0.044479 seconds
Number of updated asset objects reloaded before import = 0
Number of asset objects unloaded after import = 2
========================================================================
Received Import Request.
  Time since last request: 22.695999 seconds.
  path: Assets/1sev_barbar/barbar_low_body_BaseColor.png
  artifactKey: Guid(5bb89446379e82347b7be9fab2254254) Importer(815301076,1909f56bfc062723c751e8b465ee728b)
Start importing Assets/1sev_barbar/barbar_low_body_BaseColor.png using Guid(5bb89446379e82347b7be9fab2254254) Importer(815301076,1909f56bfc062723c751e8b465ee728b)  -> (artifact id: '6ab68cc9106fcdeadfe81f4b14f842d6') in 0.035265 seconds
Number of updated asset objects reloaded before import = 0
Number of asset objects unloaded after import = 2
========================================================================
Received Import Request.
  Time since last request: 0.000017 seconds.
  path: Assets/1sev_barbar/barbar_low_body_Normal.png
  artifactKey: Guid(f4592b311990186459185350482eb7e9) Importer(815301076,1909f56bfc062723c751e8b465ee728b)
Start importing Assets/1sev_barbar/barbar_low_body_Normal.png using Guid(f4592b311990186459185350482eb7e9) Importer(815301076,1909f56bfc062723c751e8b465ee728b)  -> (artifact id: '648d94a42efa8e3272cfe901f61da070') in 0.043606 seconds
Number of updated asset objects reloaded before import = 0
Number of asset objects unloaded after import = 2
========================================================================
Received Import Request.
  Time since last request: 10.235200 seconds.
  path: Assets/1sev_barbar/barbar_low_gözmat_BaseColor.png
  artifactKey: Guid(2e7c7cfdb9be7b6408e98ca0694ee1ec) Importer(815301076,1909f56bfc062723c751e8b465ee728b)
Start importing Assets/1sev_barbar/barbar_low_gözmat_BaseColor.png using Guid(2e7c7cfdb9be7b6408e98ca0694ee1ec) Importer(815301076,1909f56bfc062723c751e8b465ee728b)  -> (artifact id: '8b0b381b15c34db95cf2f4fa464b243a') in 0.033013 seconds
Number of updated asset objects reloaded before import = 0
Number of asset objects unloaded after import = 2
